/data/bfys/gscriven/TE_stack/Rec/Tr/TrackExtrapolators/experiments/next_generation/V3/utils/magnetic_field.py:399: UserWarning: Field map not found at /data/bfys/gscriven/TE_stack/Rec/Tr/TrackExtrapolators/experiments/field_maps/twodip.rtf. Falling back to Gaussian approximation. Data generated with Gaussian will have ~1.3% field error!
  warnings.warn(
/data/bfys/gscriven/TE_stack/Rec/Tr/TrackExtrapolators/experiments/next_generation/V3/utils/magnetic_field.py:399: UserWarning: Field map not found at /data/bfys/gscriven/TE_stack/Rec/Tr/TrackExtrapolators/experiments/field_maps/twodip.rtf. Falling back to Gaussian approximation. Data generated with Gaussian will have ~1.3% field error!
  warnings.warn(
/data/bfys/gscriven/TE_stack/Rec/Tr/TrackExtrapolators/experiments/next_generation/V3/utils/magnetic_field.py:399: UserWarning: Field map not found at /data/bfys/gscriven/TE_stack/Rec/Tr/TrackExtrapolators/experiments/field_maps/twodip.rtf. Falling back to Gaussian approximation. Data generated with Gaussian will have ~1.3% field error!
  warnings.warn(
/data/bfys/gscriven/TE_stack/Rec/Tr/TrackExtrapolators/experiments/next_generation/V3/utils/magnetic_field.py:399: UserWarning: Field map not found at /data/bfys/gscriven/TE_stack/Rec/Tr/TrackExtrapolators/experiments/field_maps/twodip.rtf. Falling back to Gaussian approximation. Data generated with Gaussian will have ~1.3% field error!
  warnings.warn(
/data/bfys/gscriven/TE_stack/Rec/Tr/TrackExtrapolators/experiments/next_generation/V3/utils/magnetic_field.py:399: UserWarning: Field map not found at /data/bfys/gscriven/TE_stack/Rec/Tr/TrackExtrapolators/experiments/field_maps/twodip.rtf. Falling back to Gaussian approximation. Data generated with Gaussian will have ~1.3% field error!
  warnings.warn(
/data/bfys/gscriven/TE_stack/Rec/Tr/TrackExtrapolators/experiments/next_generation/V3/utils/magnetic_field.py:399: UserWarning: Field map not found at /data/bfys/gscriven/TE_stack/Rec/Tr/TrackExtrapolators/experiments/field_maps/twodip.rtf. Falling back to Gaussian approximation. Data generated with Gaussian will have ~1.3% field error!
  warnings.warn(
/data/bfys/gscriven/TE_stack/Rec/Tr/TrackExtrapolators/experiments/next_generation/V3/utils/magnetic_field.py:399: UserWarning: Field map not found at /data/bfys/gscriven/TE_stack/Rec/Tr/TrackExtrapolators/experiments/field_maps/twodip.rtf. Falling back to Gaussian approximation. Data generated with Gaussian will have ~1.3% field error!
  warnings.warn(
/data/bfys/gscriven/TE_stack/Rec/Tr/TrackExtrapolators/experiments/next_generation/V3/utils/magnetic_field.py:399: UserWarning: Field map not found at /data/bfys/gscriven/TE_stack/Rec/Tr/TrackExtrapolators/experiments/field_maps/twodip.rtf. Falling back to Gaussian approximation. Data generated with Gaussian will have ~1.3% field error!
  warnings.warn(
/data/bfys/gscriven/TE_stack/Rec/Tr/TrackExtrapolators/experiments/next_generation/V3/utils/magnetic_field.py:399: UserWarning: Field map not found at /data/bfys/gscriven/TE_stack/Rec/Tr/TrackExtrapolators/experiments/field_maps/twodip.rtf. Falling back to Gaussian approximation. Data generated with Gaussian will have ~1.3% field error!
  warnings.warn(
/data/bfys/gscriven/TE_stack/Rec/Tr/TrackExtrapolators/experiments/next_generation/V3/utils/magnetic_field.py:399: UserWarning: Field map not found at /data/bfys/gscriven/TE_stack/Rec/Tr/TrackExtrapolators/experiments/field_maps/twodip.rtf. Falling back to Gaussian approximation. Data generated with Gaussian will have ~1.3% field error!
  warnings.warn(
/data/bfys/gscriven/TE_stack/Rec/Tr/TrackExtrapolators/experiments/next_generation/V3/utils/magnetic_field.py:399: UserWarning: Field map not found at /data/bfys/gscriven/TE_stack/Rec/Tr/TrackExtrapolators/experiments/field_maps/twodip.rtf. Falling back to Gaussian approximation. Data generated with Gaussian will have ~1.3% field error!
  warnings.warn(
/data/bfys/gscriven/TE_stack/Rec/Tr/TrackExtrapolators/experiments/next_generation/V3/utils/magnetic_field.py:399: UserWarning: Field map not found at /data/bfys/gscriven/TE_stack/Rec/Tr/TrackExtrapolators/experiments/field_maps/twodip.rtf. Falling back to Gaussian approximation. Data generated with Gaussian will have ~1.3% field error!
  warnings.warn(
/data/bfys/gscriven/TE_stack/Rec/Tr/TrackExtrapolators/experiments/next_generation/V3/utils/magnetic_field.py:399: UserWarning: Field map not found at /data/bfys/gscriven/TE_stack/Rec/Tr/TrackExtrapolators/experiments/field_maps/twodip.rtf. Falling back to Gaussian approximation. Data generated with Gaussian will have ~1.3% field error!
  warnings.warn(
/data/bfys/gscriven/TE_stack/Rec/Tr/TrackExtrapolators/experiments/next_generation/V3/utils/magnetic_field.py:399: UserWarning: Field map not found at /data/bfys/gscriven/TE_stack/Rec/Tr/TrackExtrapolators/experiments/field_maps/twodip.rtf. Falling back to Gaussian approximation. Data generated with Gaussian will have ~1.3% field error!
  warnings.warn(
/data/bfys/gscriven/TE_stack/Rec/Tr/TrackExtrapolators/experiments/next_generation/V3/utils/magnetic_field.py:399: UserWarning: Field map not found at /data/bfys/gscriven/TE_stack/Rec/Tr/TrackExtrapolators/experiments/field_maps/twodip.rtf. Falling back to Gaussian approximation. Data generated with Gaussian will have ~1.3% field error!
  warnings.warn(
/data/bfys/gscriven/TE_stack/Rec/Tr/TrackExtrapolators/experiments/next_generation/V3/utils/magnetic_field.py:399: UserWarning: Field map not found at /data/bfys/gscriven/TE_stack/Rec/Tr/TrackExtrapolators/experiments/field_maps/twodip.rtf. Falling back to Gaussian approximation. Data generated with Gaussian will have ~1.3% field error!
  warnings.warn(
usage: extract_segments.py [-h] --input INPUT --output OUTPUT
                           [--n_samples N_SAMPLES] [--dz_min DZ_MIN]
                           [--dz_max DZ_MAX]
                           [--collocation_points COLLOCATION_POINTS]
                           [--seed SEED]
extract_segments.py: error: the following arguments are required: --input
